<?xml version="1.0" encoding="UTF-8"?>
<testsuite xmlns:xsi="http://www.w3.org/2001/XMLSchema-instance" xsi:noNamespaceSchemaLocation="https://maven.apache.org/surefire/maven-surefire-plugin/xsd/surefire-test-report.xsd" name="com.github.dogunyoye.Day01Test" time="0.04" tests="2" errors="0" skipped="0" failures="0">
  <properties>
[...]
</properties>
  <testcase name="testPartOne" classname="com.github.dogunyoye.Day01Test" time="0.002"/>
  <testcase name="testPartTwo" classname="com.github.dogunyoye.Day01Test" time="0"/>
</testsuite>